#
# There is insufficient memory for the Java Runtime Environment to continue.
# Native memory allocation (mmap) failed to map 255852544 bytes. Error detail: G1 virtual space
# Possible reasons:
#   The system is out of physical RAM or swap space
#   This process is running with CompressedOops enabled, and the Java Heap may be blocking the growth of the native heap
# Possible solutions:
#   Reduce memory load on the system
#   Increase physical memory or swap space
#   Check if swap backing store is full
#   Decrease Java heap size (-Xmx/-Xms)
#   Decrease number of Java threads
#   Decrease Java thread stack sizes (-Xss)
#   Set larger code cache with -XX:ReservedCodeCacheSize=
#   JVM is running with Zero Based Compressed Oops mode in which the Java heap is
#     placed in the first 32GB address space. The Java Heap base address is the
#     maximum limit for the native heap growth. Please use -XX:HeapBaseMinAddress
#     to set the Java Heap base and to place the Java Heap above 32GB virtual address.
# This output file may be truncated or incomplete.
#
#  Out of Memory Error (os_windows.cpp:3925), pid=904, tid=18396
#
# JRE version:  (21.0.8) (build )
# Java VM: OpenJDK 64-Bit Server VM (21.0.8+-14018985-b1038.68, mixed mode, sharing, tiered, compressed oops, compressed class ptrs, g1 gc, windows-amd64)
# No core dump will be written. Minidumps are not enabled by default on client versions of Windows
#

---------------  S U M M A R Y ------------

Command Line: org.jetbrains.kotlin.cli.jvm.K2JVMCompiler @D:\Kuliah-Semester-5\PAM\InputPengguna\app\build\20251030_16485145980171295590.compiler.options

Host: AMD Ryzen 5 7535HS with Radeon Graphics        , 12 cores, 15G,  Windows 11 , 64 bit Build 26100 (10.0.26100.6725)
Time: Thu Oct 30 13:17:53 2025 SE Asia Standard Time elapsed time: 2.030099 seconds (0d 0h 0m 2s)

---------------  T H R E A D  ---------------

Current thread (0x000002808edb13a0):  JavaThread "Unknown thread" [_thread_in_vm, id=18396, stack(0x000000cb6ff00000,0x000000cb70000000) (1024K)]

Stack: [0x000000cb6ff00000,0x000000cb70000000]
Native frames: (J=compiled Java code, j=interpreted, Vv=VM code, C=native code)
V  [jvm.dll+0x6d68d9]
V  [jvm.dll+0x866693]
V  [jvm.dll+0x868c4e]
V  [jvm.dll+0x869333]
V  [jvm.dll+0x280566]
V  [jvm.dll+0x6d3195]
V  [jvm.dll+0x6c69ea]
V  [jvm.dll+0x3586db]
V  [jvm.dll+0x360336]
V  [jvm.dll+0x3b23f6]
V  [jvm.dll+0x3b26c8]
V  [jvm.dll+0x32ae6c]
V  [jvm.dll+0x32bb5b]
V  [jvm.dll+0x82e109]
V  [jvm.dll+0x3bf5c8]
V  [jvm.dll+0x817388]
V  [jvm.dll+0x453b6e]
V  [jvm.dll+0x4552d1]
C  [jli.dll+0x52ab]
C  [ucrtbase.dll+0x37b0]
C  [KERNEL32.DLL+0x2e8d7]
C  [ntdll.dll+0x8c53c]


---------------  P R O C E S S  ---------------

Threads class SMR info:
_java_thread_list=0x00007ffedf0bb988, length=0, elements={
}

Java Threads: ( => current thread )
Total: 0

Other Threads:
  0x000002808f15b710 WorkerThread "GC Thread#0"                     [id=18372, stack(0x000000cb70000000,0x000000cb70100000) (1024K)]
  0x000002808f16ba40 ConcurrentGCThread "G1 Main Marker"            [id=7184, stack(0x000000cb70100000,0x000000cb70200000) (1024K)]
  0x000002808f16db90 WorkerThread "G1 Conc#0"                       [id=21232, stack(0x000000cb70200000,0x000000cb70300000) (1024K)]

[error occurred during error reporting (printing all threads), id 0xc0000005, EXCEPTION_ACCESS_VIOLATION (0xc0000005) at pc=0x00007ffede8addd7]
VM state: not at safepoint (not fully initialized)

VM Mutex/Monitor currently owned by a thread:  ([mutex/lock_event])
[0x00007ffedf1286b8] Heap_lock - owner thread: 0x000002808edb13a0

Heap address: 0x000000070ca00000, size: 3894 MB, Compressed Oops mode: Zero based, Oop shift amount: 3

CDS archive(s) mapped at: [0x0000000000000000-0x0000000000000000-0x0000000000000000), size 0, SharedBaseAddress: 0x0000000800000000, ArchiveRelocationMode: 1.
Narrow klass base: 0x0000000000000000, Narrow klass shift: 0, Narrow klass range: 0x0

GC Precious Log:
 CardTable entry size: 512
 Card Set container configuration: InlinePtr #cards 4 size 8 Array Of Cards #cards 16 size 48 Howl #buckets 8 coarsen threshold 3686 Howl Bitmap #cards 512 size 80 coarsen threshold 460 Card regions per heap region 1 cards per card region 4096

Heap:
 garbage-first heap   total 0K, used 0K [0x000000070ca00000, 0x0000000800000000)
  region size 2048K, 0 young (0K), 0 survivors (0K)
 Metaspace       used 0K, committed 0K, reserved 0K
  class space    used 0K, committed 0K, reserved 0K

Heap Regions: E=young(eden), S=young(survivor), O=old, HS=humongous(starts), HC=humongous(continues), CS=collection set, F=free, TAMS=top-at-mark-start, PB=parsable bottom

Card table byte_map: [0x00000280a3f70000,0x00000280a4710000] _byte_map_base: 0x00000280a070b000

Marking Bits: (CMBitMap*) 0x000002808f15be10
 Bits: [0x00000280a4710000, 0x00000280a83e8000)

GC Heap History (0 events):
No events

Dll operation events (1 events):
Event: 0.010 Loaded shared library C:\Program Files\Android\Android Studio\jbr\bin\java.dll

Deoptimization events (0 events):
No events

Classes loaded (0 events):
No events

Classes unloaded (0 events):
No events

Classes redefined (0 events):
No events

Internal exceptions (0 events):
No events

ZGC Phase Switch (0 events):
No events

VM Operations (0 events):
No events

Memory protections (0 events):
No events

Nmethod flushes (0 events):
No events

Events (0 events):
No events


Dynamic libraries:
0x00007ff68c980000 - 0x00007ff68c98a000 	C:\Program Files\Android\Android Studio\jbr\bin\java.exe
0x00007fff7f900000 - 0x00007fff7fb68000 	C:\WINDOWS\SYSTEM32\ntdll.dll
0x00007fff7e0f0000 - 0x00007fff7e1b9000 	C:\WINDOWS\System32\KERNEL32.DLL
0x00007fff7cea0000 - 0x00007fff7d292000 	C:\WINDOWS\System32\KERNELBASE.dll
0x00007fff7d2a0000 - 0x00007fff7d3eb000 	C:\WINDOWS\System32\ucrtbase.dll
0x00007ffede550000 - 0x00007ffede56b000 	C:\Program Files\Android\Android Studio\jbr\bin\VCRUNTIME140.dll
0x00007fff77c90000 - 0x00007fff77ca8000 	C:\Program Files\Android\Android Studio\jbr\bin\jli.dll
0x00007fff7d700000 - 0x00007fff7d8c5000 	C:\WINDOWS\System32\USER32.dll
0x00007fff63060000 - 0x00007fff632f3000 	C:\WINDOWS\WinSxS\amd64_microsoft.windows.common-controls_6595b64144ccf1df_6.0.26100.6899_none_3e0efeeae32e88c1\COMCTL32.dll
0x00007fff7d6a0000 - 0x00007fff7d6c7000 	C:\WINDOWS\System32\win32u.dll
0x00007fff7e4f0000 - 0x00007fff7e599000 	C:\WINDOWS\System32\msvcrt.dll
0x00007fff7e1c0000 - 0x00007fff7e1eb000 	C:\WINDOWS\System32\GDI32.dll
0x00007fff7cb50000 - 0x00007fff7cc7d000 	C:\WINDOWS\System32\gdi32full.dll
0x00007fff7cdf0000 - 0x00007fff7ce93000 	C:\WINDOWS\System32\msvcp_win.dll
0x00007fff7e0a0000 - 0x00007fff7e0cf000 	C:\WINDOWS\System32\IMM32.DLL
0x00007ffede540000 - 0x00007ffede54c000 	C:\Program Files\Android\Android Studio\jbr\bin\vcruntime140_1.dll
0x00007fff6a3a0000 - 0x00007fff6a42d000 	C:\Program Files\Android\Android Studio\jbr\bin\msvcp140.dll
0x00007ffede570000 - 0x00007ffedf206000 	C:\Program Files\Android\Android Studio\jbr\bin\server\jvm.dll
0x00007fff7e430000 - 0x00007fff7e4e4000 	C:\WINDOWS\System32\ADVAPI32.dll
0x00007fff7d9a0000 - 0x00007fff7da46000 	C:\WINDOWS\System32\sechost.dll
0x00007fff7efe0000 - 0x00007fff7f0f8000 	C:\WINDOWS\System32\RPCRT4.dll
0x00007fff7e020000 - 0x00007fff7e094000 	C:\WINDOWS\System32\WS2_32.dll
0x00007fff7c8f0000 - 0x00007fff7c94e000 	C:\WINDOWS\SYSTEM32\POWRPROF.dll
0x00007fff72030000 - 0x00007fff72065000 	C:\WINDOWS\SYSTEM32\WINMM.dll
0x00007fff6efe0000 - 0x00007fff6efeb000 	C:\WINDOWS\SYSTEM32\VERSION.dll
0x00007fff7c8d0000 - 0x00007fff7c8e4000 	C:\WINDOWS\SYSTEM32\UMPDC.dll
0x00007fff7b860000 - 0x00007fff7b87b000 	C:\WINDOWS\SYSTEM32\kernel.appcore.dll
0x00007ffede530000 - 0x00007ffede53a000 	C:\Program Files\Android\Android Studio\jbr\bin\jimage.dll
0x00007fff6eff0000 - 0x00007fff6f232000 	C:\WINDOWS\SYSTEM32\DBGHELP.DLL
0x00007fff7ec40000 - 0x00007fff7efbb000 	C:\WINDOWS\System32\combase.dll
0x00007fff7e350000 - 0x00007fff7e427000 	C:\WINDOWS\System32\OLEAUT32.dll
0x00007fff5d9c0000 - 0x00007fff5d9fc000 	C:\WINDOWS\SYSTEM32\dbgcore.DLL
0x00007fff7d570000 - 0x00007fff7d608000 	C:\WINDOWS\System32\bcryptPrimitives.dll
0x00007ffede510000 - 0x00007ffede530000 	C:\Program Files\Android\Android Studio\jbr\bin\java.dll

JVMTI agents: none

dbghelp: loaded successfully - version: 4.0.5 - missing functions: none
symbol engine: initialized successfully - sym options: 0x614 - pdb path: .;C:\Program Files\Android\Android Studio\jbr\bin;C:\WINDOWS\SYSTEM32;C:\WINDOWS\WinSxS\amd64_microsoft.windows.common-controls_6595b64144ccf1df_6.0.26100.6899_none_3e0efeeae32e88c1;C:\Program Files\Android\Android Studio\jbr\bin\server

VM Arguments:
java_command: org.jetbrains.kotlin.cli.jvm.K2JVMCompiler @D:\Kuliah-Semester-5\PAM\InputPengguna\app\build\20251030_16485145980171295590.compiler.options
java_class_path (initial): C:\Users\MSI-USER\.gradle\caches\modules-2\files-2.1\org.jetbrains.kotlin\kotlin-compiler-embeddable\2.0.21\79346ed53db48b18312a472602eb5c057070c54d\kotlin-compiler-embeddable-2.0.21.jar;C:\Users\MSI-USER\.gradle\caches\modules-2\files-2.1\org.jetbrains.kotlin\kotlin-stdlib\2.0.21\618b539767b4899b4660a83006e052b63f1db551\kotlin-stdlib-2.0.21.jar;C:\Users\MSI-USER\.gradle\caches\modules-2\files-2.1\org.jetbrains.kotlin\kotlin-script-runtime\2.0.21\c9b044380ad41f89aa89aa896c2d32a8c0b2129d\kotlin-script-runtime-2.0.21.jar;C:\Users\MSI-USER\.gradle\caches\modules-2\files-2.1\org.jetbrains.kotlin\kotlin-reflect\1.6.10\1cbe9c92c12a94eea200d23c2bbaedaf3daf5132\kotlin-reflect-1.6.10.jar;C:\Users\MSI-USER\.gradle\caches\modules-2\files-2.1\org.jetbrains.kotlin\kotlin-daemon-embeddable\2.0.21\c9e933b23287de9b5a17e2116b4657bb91aea72c\kotlin-daemon-embeddable-2.0.21.jar;C:\Users\MSI-USER\.gradle\caches\modules-2\files-2.1\org.jetbrains.intellij.deps\trove4j\1.0.20200330\3afb14d5f9ceb459d724e907a21145e8ff394f02\trove4j-1.0.20200330.jar;C:\Users\MSI-USER\.gradle\caches\modules-2\files-2.1\org.jetbrains.kotlinx\kotlinx-coroutines-core-jvm\1.6.4\2c997cd1c0ef33f3e751d3831929aeff1390cb30\kotlinx-coroutines-core-jvm-1.6.4.jar;C:\Users\MSI-USER\.gradle\caches\modules-2\files-2.1\org.jetbrains\annotations\13.0\919f0dfe192fb4e063e7dacadee7f8bb9a2672a9\annotations-13.0.jar
Launcher Type: SUN_STANDARD

[Global flags]
     intx CICompilerCount                          = 4                                         {product} {ergonomic}
     uint ConcGCThreads                            = 3                                         {product} {ergonomic}
     uint G1ConcRefinementThreads                  = 10                                        {product} {ergonomic}
   size_t G1HeapRegionSize                         = 2097152                                   {product} {ergonomic}
    uintx GCDrainStackTargetSize                   = 64                                        {product} {ergonomic}
   size_t InitialHeapSize                          = 255852544                                 {product} {ergonomic}
   size_t MarkStackSize                            = 4194304                                   {product} {ergonomic}
   size_t MaxHeapSize                              = 4083154944                                {product} {ergonomic}
   size_t MinHeapDeltaBytes                        = 2097152                                   {product} {ergonomic}
   size_t MinHeapSize                              = 8388608                                   {product} {ergonomic}
    uintx NonNMethodCodeHeapSize                   = 5839372                                {pd product} {ergonomic}
    uintx NonProfiledCodeHeapSize                  = 122909434                              {pd product} {ergonomic}
    uintx ProfiledCodeHeapSize                     = 122909434                              {pd product} {ergonomic}
    uintx ReservedCodeCacheSize                    = 251658240                              {pd product} {ergonomic}
     bool SegmentedCodeCache                       = true                                      {product} {ergonomic}
   size_t SoftMaxHeapSize                          = 4083154944                             {manageable} {ergonomic}
     bool UseCompressedOops                        = true                           {product lp64_product} {ergonomic}
     bool UseG1GC                                  = true                                      {product} {ergonomic}
     bool UseLargePagesIndividualAllocation        = false                                  {pd product} {ergonomic}

Logging:
Log output configuration:
 #0: stdout all=warning uptime,level,tags foldmultilines=false
 #1: stderr all=off uptime,level,tags foldmultilines=false

Environment Variables:
PATH=C:\Program Files (x86)\NVIDIA Corporation\PhysX\Common;C:\WINDOWS\system32;C:\WINDOWS;C:\WINDOWS\System32\Wbem;C:\WINDOWS\System32\WindowsPowerShell\v1.0\;C:\WINDOWS\System32\OpenSSH\;C:\Program Files (x86)\Microsoft SQL Server\160\Tools\Binn\;C:\Program Files\Microsoft SQL Server\160\Tools\Binn\;C:\Program Files\Microsoft SQL Server\Client SDK\ODBC\170\Tools\Binn\;C:\Program Files\Microsoft SQL Server\160\DTS\Binn\;C:\Program Files (x86)\Microsoft SQL Server\160\DTS\Binn\;C:\Program Files\Azure Data Studio\bin;C:\Program Files (x86)\Windows Kits\10\Windows Performance Toolkit\;C:\Program Files\Microsoft SQL Server\150\Tools\Binn\;C:\Program Files\dotnet\;D:\Git\cmd;D:\Kuliah Semester 4;D:\xampp\php;C:\Program Files\nodejs\;C:\Program Files\MySQL\MySQL Shell 8.0\bin\;C:\Users\MSI-USER\AppData\Local\Programs\Python\Python313\Scripts\;C:\Users\MSI-USER\AppData\Local\Programs\Python\Python313\;C:\Users\MSI-USER\AppData\Local\Programs\Python\Launcher\;C:\Users\MSI-USER\AppData\Local\Microsoft\WindowsApps;D:\VS dan Github\Microsoft VS Code\bin;C:\MinGW\bin;C:\Program Files\Azure Data Studio\bin;C:\Users\MSI-USER\.dotnet\tools;C:\Program Files (x86)\Nmap;C:\Users\MSI-USER\AppData\Roaming\Composer\vendor\bin;C:\Users\MSI-USER\AppData\Roaming\npm
USERNAME=MSI-USER
OS=Windows_NT
PROCESSOR_IDENTIFIER=AMD64 Family 25 Model 68 Stepping 1, AuthenticAMD
TMP=C:\Users\MSI-USER\AppData\Local\Temp
TEMP=C:\Users\MSI-USER\AppData\Local\Temp




Periodic native trim disabled

JNI global refs:
JNI global refs: 0, weak refs: 0

JNI global refs memory usage: 0, weak refs: 0

Process memory usage:
Resident Set Size: 12960K (0% of 15945616K total physical memory with 4028848K free physical memory)

OOME stack traces (most recent first):
Classloader memory used:

---------------  S Y S T E M  ---------------

OS:
 Windows 11 , 64 bit Build 26100 (10.0.26100.6725)
OS uptime: 0 days 0:13 hours
Hyper-V role detected

CPU: total 12 (initial active 12) (12 cores per cpu, 2 threads per core) family 25 model 68 stepping 1 microcode 0xa404102, cx8, cmov, fxsr, ht, mmx, 3dnowpref, sse, sse2, sse3, ssse3, sse4a, sse4.1, sse4.2, popcnt, lzcnt, tsc, tscinvbit, avx, avx2, aes, erms, clmul, bmi1, bmi2, adx, sha, fma, vzeroupper, clflush, clflushopt, hv, rdtscp, rdpid, fsrm, f16c, cet_ss
Processor Information for the first 12 processors :
  Max Mhz: 3301, Current Mhz: 2496, Mhz Limit: 3301

Memory: 4k page, system-wide physical 15571M (3934M free)
TotalPageFile size 15571M (AvailPageFile size 85M)
current process WorkingSet (physical memory assigned to process): 12M, peak: 12M
current process commit charge ("private bytes"): 64M, peak: 308M

vm_info: OpenJDK 64-Bit Server VM (21.0.8+-14018985-b1038.68) for windows-amd64 JRE (21.0.8+-14018985-b1038.68), built on 2025-08-29T19:56:34Z by "builder" with MS VC++ 16.10 / 16.11 (VS2019)

END.
